[  2%] Built target battery_state__rosidl_generator_type_description
[  2%] Built target ament_cmake_python_copy_battery_state
[  4%] Built target battery_state__cpp
[ 21%] Built target battery_state__rosidl_generator_c
[ 30%] Built target battery_state__rosidl_typesupport_c
[ 39%] Built target battery_state__rosidl_typesupport_introspection_c
[ 47%] Built target battery_state__rosidl_typesupport_fastrtps_c
[ 56%] Built target battery_state__rosidl_typesupport_introspection_cpp
[ 65%] Built target battery_state__rosidl_typesupport_fastrtps_cpp
[ 73%] Built target battery_state__rosidl_typesupport_cpp
[ 73%] Built target battery_state
[ 76%] Built target battery_state__py
[ 78%] [32mBuilding CXX object CMakeFiles/batteryClient.dir/src/battaryClient.cpp.o[0m
[ 84%] Built target battery_state__rosidl_generator_py
[ 89%] Built target battery_state_s__rosidl_typesupport_c
[ 93%] Built target battery_state_s__rosidl_typesupport_introspection_c
[ 97%] Built target battery_state_s__rosidl_typesupport_fastrtps_c
running egg_info
writing battery_state.egg-info/PKG-INFO
writing dependency_links to battery_state.egg-info/dependency_links.txt
writing top-level names to battery_state.egg-info/top_level.txt
reading manifest file 'battery_state.egg-info/SOURCES.txt'
writing manifest file 'battery_state.egg-info/SOURCES.txt'
[01m[K/home/newir529/ROS2_JAZZY_TUTORIAL/ros2_learning_ws/src/battery_state/src/battaryClient.cpp:11:10:[m[K [01;31m[Kfatal error: [m[K../msg/BatteryMsg.hpp: No such file or directory
   11 | #include [01;31m[K"../msg/BatteryMsg.hpp"[m[K
      |          [01;31m[K^~~~~~~~~~~~~~~~~~~~~~~[m[K
compilation terminated.
gmake[2]: *** [CMakeFiles/batteryClient.dir/build.make:76: CMakeFiles/batteryClient.dir/src/battaryClient.cpp.o] Error 1
gmake[1]: *** [CMakeFiles/Makefile2:626: CMakeFiles/batteryClient.dir/all] Error 2
gmake[1]: *** Waiting for unfinished jobs....
[ 97%] Built target ament_cmake_python_build_battery_state_egg
gmake: *** [Makefile:146: all] Error 2
