-- Found ament_cmake: 2.5.2 (/opt/ros/jazzy/share/ament_cmake/cmake)
-- Found Python3: /usr/bin/python3 (found version "3.12.3") found components: Interpreter 
-- Found rosidl_default_generators: 1.6.0 (/opt/ros/jazzy/share/rosidl_default_generators/cmake)
-- Using all available rosidl_typesupport_c: rosidl_typesupport_fastrtps_c;rosidl_typesupport_introspection_c
-- Using all available rosidl_typesupport_cpp: rosidl_typesupport_fastrtps_cpp;rosidl_typesupport_introspection_cpp
-- Found rosidl_adapter: 4.6.4 (/opt/ros/jazzy/share/rosidl_adapter/cmake)
-- Found rclcpp: 28.1.5 (/opt/ros/jazzy/share/rclcpp/cmake)
-- Found rmw_implementation_cmake: 7.3.1 (/opt/ros/jazzy/share/rmw_implementation_cmake/cmake)
-- Found rmw_fastrtps_cpp: 8.4.1 (/opt/ros/jazzy/share/rmw_fastrtps_cpp/cmake)
-- Using RMW implementation 'rmw_fastrtps_cpp' as default
-- Found rclpy: 7.1.2 (/opt/ros/jazzy/share/rclpy/cmake)
-- Found std_msgs: 5.3.5 (/opt/ros/jazzy/share/std_msgs/cmake)
-- Found ament_cmake_ros: 0.12.0 (/opt/ros/jazzy/share/ament_cmake_ros/cmake)
-- Using all available rosidl_typesupport_c: rosidl_typesupport_fastrtps_c;rosidl_typesupport_introspection_c
-- Using all available rosidl_typesupport_cpp: rosidl_typesupport_fastrtps_cpp;rosidl_typesupport_introspection_cpp
-- Found python_cmake_module: 0.11.1 (/opt/ros/jazzy/share/python_cmake_module/cmake)
-- Found Python3: /usr/bin/python3 (found version "3.12.3") found components: Interpreter Development NumPy Development.Module Development.Embed 
-- Configuring done (3.4s)
-- Generating done (0.1s)
-- Build files have been written to: /home/newir529/ROS2_JAZZY_TUTORIAL/ros2_learning_ws/build/battery_state
[  2%] Built target battery_state__rosidl_generator_type_description
[  2%] Built target ament_cmake_python_copy_battery_state
[  4%] Built target battery_state__cpp
[ 21%] Built target battery_state__rosidl_generator_c
[ 30%] Built target battery_state__rosidl_typesupport_fastrtps_cpp
[ 39%] Built target battery_state__rosidl_typesupport_introspection_c
[ 47%] Built target battery_state__rosidl_typesupport_c
[ 56%] Built target battery_state__rosidl_typesupport_fastrtps_c
[ 65%] Built target battery_state__rosidl_typesupport_introspection_cpp
[ 73%] Built target battery_state__rosidl_typesupport_cpp
[ 73%] Built target battery_state
[ 76%] [32mBuilding CXX object CMakeFiles/batteryClient.dir/src/battaryClient.cpp.o[0m
[ 78%] Built target battery_state__py
[ 84%] Built target battery_state__rosidl_generator_py
[ 89%] Built target battery_state_s__rosidl_typesupport_fastrtps_c
[ 93%] Built target battery_state_s__rosidl_typesupport_c
[ 97%] Built target battery_state_s__rosidl_typesupport_introspection_c
running egg_info
writing battery_state.egg-info/PKG-INFO
writing dependency_links to battery_state.egg-info/dependency_links.txt
writing top-level names to battery_state.egg-info/top_level.txt
reading manifest file 'battery_state.egg-info/SOURCES.txt'
writing manifest file 'battery_state.egg-info/SOURCES.txt'
[ 97%] Built target ament_cmake_python_build_battery_state_egg
[01m[K/home/newir529/ROS2_JAZZY_TUTORIAL/ros2_learning_ws/src/battery_state/src/battaryClient.cpp:11:10:[m[K [01;31m[Kfatal error: [m[Kbattery_state/msg/batteryMsg.hpp: No such file or directory
   11 | #include [01;31m[K"battery_state/msg/batteryMsg.hpp"[m[K
      |          [01;31m[K^~~~~~~~~~~~~~~~~~~~~~~~~~~~~~~~~~[m[K
compilation terminated.
gmake[2]: *** [CMakeFiles/batteryClient.dir/build.make:76: CMakeFiles/batteryClient.dir/src/battaryClient.cpp.o] Error 1
gmake[1]: *** [CMakeFiles/Makefile2:625: CMakeFiles/batteryClient.dir/all] Error 2
gmake: *** [Makefile:146: all] Error 2
