[0.021s] Invoking command in '/home/newir529/ROS2_JAZZY_TUTORIAL/ros2_learning_ws/build/battery_state': CMAKE_PREFIX_PATH=${CMAKE_PREFIX_PATH}:/home/newir529/ROS2_JAZZY_TUTORIAL/ros2_learning_ws/install/turtlesim_manipulation:/home/newir529/ROS2_JAZZY_TUTORIAL/ros2_learning_ws/install/first_py_pkg:/opt/ros/jazzy DEBUGINFOD_URLS=https://debuginfod.ubuntu.com /usr/bin/cmake --build /home/newir529/ROS2_JAZZY_TUTORIAL/ros2_learning_ws/build/battery_state -- -j8 -l8
[0.075s] -- Found ament_cmake: 2.5.2 (/opt/ros/jazzy/share/ament_cmake/cmake)
[0.150s] -- Found Python3: /usr/bin/python3 (found version "3.12.3") found components: Interpreter 
[0.430s] -- Found rosidl_default_generators: 1.6.0 (/opt/ros/jazzy/share/rosidl_default_generators/cmake)
[0.444s] -- Using all available rosidl_typesupport_c: rosidl_typesupport_fastrtps_c;rosidl_typesupport_introspection_c
[0.555s] -- Using all available rosidl_typesupport_cpp: rosidl_typesupport_fastrtps_cpp;rosidl_typesupport_introspection_cpp
[0.635s] -- Found rosidl_adapter: 4.6.4 (/opt/ros/jazzy/share/rosidl_adapter/cmake)
[0.644s] -- Found rclcpp: 28.1.5 (/opt/ros/jazzy/share/rclcpp/cmake)
[0.811s] -- Found rmw_implementation_cmake: 7.3.1 (/opt/ros/jazzy/share/rmw_implementation_cmake/cmake)
[0.814s] -- Found rmw_fastrtps_cpp: 8.4.1 (/opt/ros/jazzy/share/rmw_fastrtps_cpp/cmake)
[0.952s] -- Using RMW implementation 'rmw_fastrtps_cpp' as default
[1.095s] -- Found rclpy: 7.1.2 (/opt/ros/jazzy/share/rclpy/cmake)
[1.095s] -- Found std_msgs: 5.3.5 (/opt/ros/jazzy/share/std_msgs/cmake)
[1.890s] -- Found ament_cmake_ros: 0.12.0 (/opt/ros/jazzy/share/ament_cmake_ros/cmake)
[2.241s] -- Using all available rosidl_typesupport_c: rosidl_typesupport_fastrtps_c;rosidl_typesupport_introspection_c
[2.712s] -- Using all available rosidl_typesupport_cpp: rosidl_typesupport_fastrtps_cpp;rosidl_typesupport_introspection_cpp
[2.718s] -- Found python_cmake_module: 0.11.1 (/opt/ros/jazzy/share/python_cmake_module/cmake)
[3.386s] -- Found Python3: /usr/bin/python3 (found version "3.12.3") found components: Interpreter Development NumPy Development.Module Development.Embed 
[3.424s] -- Configuring done (3.4s)
[3.560s] -- Generating done (0.1s)
[3.644s] -- Build files have been written to: /home/newir529/ROS2_JAZZY_TUTORIAL/ros2_learning_ws/build/battery_state
[3.733s] [  2%] Built target battery_state__rosidl_generator_type_description
[3.745s] [  2%] Built target ament_cmake_python_copy_battery_state
[3.766s] [  4%] Built target battery_state__cpp
[3.798s] [ 21%] Built target battery_state__rosidl_generator_c
[4.008s] [ 30%] Built target battery_state__rosidl_typesupport_fastrtps_cpp
[4.025s] [ 39%] Built target battery_state__rosidl_typesupport_introspection_c
[4.026s] [ 47%] Built target battery_state__rosidl_typesupport_c
[4.035s] [ 56%] Built target battery_state__rosidl_typesupport_fastrtps_c
[4.078s] [ 65%] Built target battery_state__rosidl_typesupport_introspection_cpp
[4.092s] [ 73%] Built target battery_state__rosidl_typesupport_cpp
[4.226s] [ 73%] Built target battery_state
[4.237s] [ 76%] [32mBuilding CXX object CMakeFiles/batteryClient.dir/src/battaryClient.cpp.o[0m
[4.337s] [ 78%] Built target battery_state__py
[4.433s] [ 84%] Built target battery_state__rosidl_generator_py
[4.579s] [ 89%] Built target battery_state_s__rosidl_typesupport_fastrtps_c
[4.580s] [ 93%] Built target battery_state_s__rosidl_typesupport_c
[4.585s] [ 97%] Built target battery_state_s__rosidl_typesupport_introspection_c
[4.828s] running egg_info
[4.901s] writing battery_state.egg-info/PKG-INFO
[4.901s] writing dependency_links to battery_state.egg-info/dependency_links.txt
[4.902s] writing top-level names to battery_state.egg-info/top_level.txt
[5.081s] reading manifest file 'battery_state.egg-info/SOURCES.txt'
[5.081s] writing manifest file 'battery_state.egg-info/SOURCES.txt'
[5.167s] [ 97%] Built target ament_cmake_python_build_battery_state_egg
[5.227s] [01m[K/home/newir529/ROS2_JAZZY_TUTORIAL/ros2_learning_ws/src/battery_state/src/battaryClient.cpp:11:10:[m[K [01;31m[Kfatal error: [m[Kbattery_state/msg/batteryMsg.hpp: No such file or directory
[5.227s]    11 | #include [01;31m[K"battery_state/msg/batteryMsg.hpp"[m[K
[5.227s]       |          [01;31m[K^~~~~~~~~~~~~~~~~~~~~~~~~~~~~~~~~~[m[K
[5.227s] compilation terminated.
[5.239s] gmake[2]: *** [CMakeFiles/batteryClient.dir/build.make:76: CMakeFiles/batteryClient.dir/src/battaryClient.cpp.o] Error 1
[5.239s] gmake[1]: *** [CMakeFiles/Makefile2:625: CMakeFiles/batteryClient.dir/all] Error 2
[5.239s] gmake: *** [Makefile:146: all] Error 2
[5.243s] Invoked command in '/home/newir529/ROS2_JAZZY_TUTORIAL/ros2_learning_ws/build/battery_state' returned '2': CMAKE_PREFIX_PATH=${CMAKE_PREFIX_PATH}:/home/newir529/ROS2_JAZZY_TUTORIAL/ros2_learning_ws/install/turtlesim_manipulation:/home/newir529/ROS2_JAZZY_TUTORIAL/ros2_learning_ws/install/first_py_pkg:/opt/ros/jazzy DEBUGINFOD_URLS=https://debuginfod.ubuntu.com /usr/bin/cmake --build /home/newir529/ROS2_JAZZY_TUTORIAL/ros2_learning_ws/build/battery_state -- -j8 -l8
