[ 50%] Built target number_pub
[ 75%] [32mBuilding CXX object CMakeFiles/number_sub.dir/src/number_sub.cpp.o[0m
In file included from [01m[K/opt/ros/jazzy/include/rclcpp/rclcpp/logging.hpp:24[m[K,
                 from [01m[K/opt/ros/jazzy/include/rclcpp/rclcpp/copy_all_parameter_values.hpp:27[m[K,
                 from [01m[K/opt/ros/jazzy/include/rclcpp/rclcpp/rclcpp.hpp:171[m[K,
                 from [01m[K/home/newir529/ROS2_JAZZY_TUTORIAL/ros2_learning_ws/src/myFirst_cpp_pkg/src/number_sub.cpp:10[m[K:
[01m[K/home/newir529/ROS2_JAZZY_TUTORIAL/ros2_learning_ws/src/myFirst_cpp_pkg/src/number_sub.cpp:[m[K In member function â€˜[01m[Kvoid number_sub::[01;32m[Ksub_cb[m[K(std_msgs::msg::Int64_<std::allocator<void> >::SharedPtr)[m[Kâ€™:
[01m[K/home/newir529/ROS2_JAZZY_TUTORIAL/ros2_learning_ws/src/myFirst_cpp_pkg/src/number_sub.cpp:21:35:[m[K [01;31m[Kerror: [m[Kâ€˜[01m[Kstr[m[Kâ€™ was not declared in this scope; did you mean â€˜[01m[Kstd[m[Kâ€™?
   21 |         RCLCPP_INFO(get_logger(), [01;31m[Kstr[m[K(counter_));
      |                                   [01;31m[K^~~[m[K
gmake[2]: *** [CMakeFiles/number_sub.dir/build.make:76: CMakeFiles/number_sub.dir/src/number_sub.cpp.o] Error 1
gmake[1]: *** [CMakeFiles/Makefile2:165: CMakeFiles/number_sub.dir/all] Error 2
gmake: *** [Makefile:146: all] Error 2
